running egg_info
creating ../../build/final_nav/final_nav.egg-info
writing ../../build/final_nav/final_nav.egg-info/PKG-INFO
writing dependency_links to ../../build/final_nav/final_nav.egg-info/dependency_links.txt
writing entry points to ../../build/final_nav/final_nav.egg-info/entry_points.txt
writing requirements to ../../build/final_nav/final_nav.egg-info/requires.txt
writing top-level names to ../../build/final_nav/final_nav.egg-info/top_level.txt
writing manifest file '../../build/final_nav/final_nav.egg-info/SOURCES.txt'
reading manifest file '../../build/final_nav/final_nav.egg-info/SOURCES.txt'
writing manifest file '../../build/final_nav/final_nav.egg-info/SOURCES.txt'
running build
running build_py
creating /home/manu/final_nav_ws/build/final_nav/build
creating /home/manu/final_nav_ws/build/final_nav/build/lib
creating /home/manu/final_nav_ws/build/final_nav/build/lib/final_nav
copying final_nav/__init__.py -> /home/manu/final_nav_ws/build/final_nav/build/lib/final_nav
running install
running install_lib
creating /home/manu/final_nav_ws/install/final_nav/lib/python3.10/site-packages/final_nav
copying /home/manu/final_nav_ws/build/final_nav/build/lib/final_nav/__init__.py -> /home/manu/final_nav_ws/install/final_nav/lib/python3.10/site-packages/final_nav
byte-compiling /home/manu/final_nav_ws/install/final_nav/lib/python3.10/site-packages/final_nav/__init__.py to __init__.cpython-310.pyc
running install_data
creating /home/manu/final_nav_ws/install/final_nav/share/ament_index
creating /home/manu/final_nav_ws/install/final_nav/share/ament_index/resource_index
creating /home/manu/final_nav_ws/install/final_nav/share/ament_index/resource_index/packages
copying resource/final_nav -> /home/manu/final_nav_ws/install/final_nav/share/ament_index/resource_index/packages
copying package.xml -> /home/manu/final_nav_ws/install/final_nav/share/final_nav
running install_egg_info
Copying ../../build/final_nav/final_nav.egg-info to /home/manu/final_nav_ws/install/final_nav/lib/python3.10/site-packages/final_nav-0.0.0-py3.10.egg-info
running install_scripts
writing list of installed files to '/home/manu/final_nav_ws/build/final_nav/install.log'
