[0.457s] Invoking command in '/home/manu/final_nav_ws/src/final_nav': PYTHONPATH=/home/manu/final_nav_ws/build/final_nav/prefix_override:/usr/lib/python3/dist-packages/colcon_core/task/python/colcon_distutils_commands:/home/manu/final_nav_ws/install/final_nav/lib/python3.10/site-packages:${PYTHONPATH} /usr/bin/python3 -W ignore:setup.py install is deprecated -W ignore:easy_install command is deprecated setup.py egg_info --egg-base ../../build/final_nav build --build-base /home/manu/final_nav_ws/build/final_nav/build install --record /home/manu/final_nav_ws/build/final_nav/install.log --single-version-externally-managed install_data
[0.590s] running egg_info
[0.590s] creating ../../build/final_nav/final_nav.egg-info
[0.590s] writing ../../build/final_nav/final_nav.egg-info/PKG-INFO
[0.591s] writing dependency_links to ../../build/final_nav/final_nav.egg-info/dependency_links.txt
[0.591s] writing entry points to ../../build/final_nav/final_nav.egg-info/entry_points.txt
[0.591s] writing requirements to ../../build/final_nav/final_nav.egg-info/requires.txt
[0.591s] writing top-level names to ../../build/final_nav/final_nav.egg-info/top_level.txt
[0.591s] writing manifest file '../../build/final_nav/final_nav.egg-info/SOURCES.txt'
[0.591s] reading manifest file '../../build/final_nav/final_nav.egg-info/SOURCES.txt'
[0.592s] writing manifest file '../../build/final_nav/final_nav.egg-info/SOURCES.txt'
[0.592s] running build
[0.592s] running build_py
[0.592s] creating /home/manu/final_nav_ws/build/final_nav/build
[0.592s] creating /home/manu/final_nav_ws/build/final_nav/build/lib
[0.592s] creating /home/manu/final_nav_ws/build/final_nav/build/lib/final_nav
[0.592s] copying final_nav/__init__.py -> /home/manu/final_nav_ws/build/final_nav/build/lib/final_nav
[0.592s] running install
[0.592s] running install_lib
[0.593s] creating /home/manu/final_nav_ws/install/final_nav/lib/python3.10/site-packages/final_nav
[0.593s] copying /home/manu/final_nav_ws/build/final_nav/build/lib/final_nav/__init__.py -> /home/manu/final_nav_ws/install/final_nav/lib/python3.10/site-packages/final_nav
[0.593s] byte-compiling /home/manu/final_nav_ws/install/final_nav/lib/python3.10/site-packages/final_nav/__init__.py to __init__.cpython-310.pyc
[0.593s] running install_data
[0.593s] creating /home/manu/final_nav_ws/install/final_nav/share/ament_index
[0.593s] creating /home/manu/final_nav_ws/install/final_nav/share/ament_index/resource_index
[0.593s] creating /home/manu/final_nav_ws/install/final_nav/share/ament_index/resource_index/packages
[0.593s] copying resource/final_nav -> /home/manu/final_nav_ws/install/final_nav/share/ament_index/resource_index/packages
[0.593s] copying package.xml -> /home/manu/final_nav_ws/install/final_nav/share/final_nav
[0.593s] running install_egg_info
[0.594s] Copying ../../build/final_nav/final_nav.egg-info to /home/manu/final_nav_ws/install/final_nav/lib/python3.10/site-packages/final_nav-0.0.0-py3.10.egg-info
[0.594s] running install_scripts
[0.606s] writing list of installed files to '/home/manu/final_nav_ws/build/final_nav/install.log'
[0.620s] Invoked command in '/home/manu/final_nav_ws/src/final_nav' returned '0': PYTHONPATH=/home/manu/final_nav_ws/build/final_nav/prefix_override:/usr/lib/python3/dist-packages/colcon_core/task/python/colcon_distutils_commands:/home/manu/final_nav_ws/install/final_nav/lib/python3.10/site-packages:${PYTHONPATH} /usr/bin/python3 -W ignore:setup.py install is deprecated -W ignore:easy_install command is deprecated setup.py egg_info --egg-base ../../build/final_nav build --build-base /home/manu/final_nav_ws/build/final_nav/build install --record /home/manu/final_nav_ws/build/final_nav/install.log --single-version-externally-managed install_data
