[0.436s] Invoking command in '/home/manu/final_nav_ws/src/final_nav': PYTHONPATH=/home/manu/final_nav_ws/build/final_nav/prefix_override:/usr/lib/python3/dist-packages/colcon_core/task/python/colcon_distutils_commands:/home/manu/final_nav_ws/install/final_nav/lib/python3.10/site-packages:${PYTHONPATH} /usr/bin/python3 -W ignore:setup.py install is deprecated -W ignore:easy_install command is deprecated setup.py egg_info --egg-base ../../build/final_nav build --build-base /home/manu/final_nav_ws/build/final_nav/build install --record /home/manu/final_nav_ws/build/final_nav/install.log --single-version-externally-managed install_data
[0.640s] running egg_info
[0.640s] writing ../../build/final_nav/final_nav.egg-info/PKG-INFO
[0.640s] writing dependency_links to ../../build/final_nav/final_nav.egg-info/dependency_links.txt
[0.640s] writing entry points to ../../build/final_nav/final_nav.egg-info/entry_points.txt
[0.641s] writing requirements to ../../build/final_nav/final_nav.egg-info/requires.txt
[0.641s] writing top-level names to ../../build/final_nav/final_nav.egg-info/top_level.txt
[0.642s] reading manifest file '../../build/final_nav/final_nav.egg-info/SOURCES.txt'
[0.643s] writing manifest file '../../build/final_nav/final_nav.egg-info/SOURCES.txt'
[0.643s] running build
[0.643s] running build_py
[0.643s] running install
[0.643s] running install_lib
[0.644s] running install_data
[0.645s] running install_egg_info
[0.646s] removing '/home/manu/final_nav_ws/install/final_nav/lib/python3.10/site-packages/final_nav-0.0.0-py3.10.egg-info' (and everything under it)
[0.646s] Copying ../../build/final_nav/final_nav.egg-info to /home/manu/final_nav_ws/install/final_nav/lib/python3.10/site-packages/final_nav-0.0.0-py3.10.egg-info
[0.646s] running install_scripts
[0.658s] Installing navigator script to /home/manu/final_nav_ws/install/final_nav/lib/final_nav
[0.659s] writing list of installed files to '/home/manu/final_nav_ws/build/final_nav/install.log'
[0.672s] Invoked command in '/home/manu/final_nav_ws/src/final_nav' returned '0': PYTHONPATH=/home/manu/final_nav_ws/build/final_nav/prefix_override:/usr/lib/python3/dist-packages/colcon_core/task/python/colcon_distutils_commands:/home/manu/final_nav_ws/install/final_nav/lib/python3.10/site-packages:${PYTHONPATH} /usr/bin/python3 -W ignore:setup.py install is deprecated -W ignore:easy_install command is deprecated setup.py egg_info --egg-base ../../build/final_nav build --build-base /home/manu/final_nav_ws/build/final_nav/build install --record /home/manu/final_nav_ws/build/final_nav/install.log --single-version-externally-managed install_data
