[0.443s] Invoking command in '/home/manu/final_nav_ws/src/final_nav': PYTHONPATH=/home/manu/final_nav_ws/src/build/final_nav/prefix_override:/usr/lib/python3/dist-packages/colcon_core/task/python/colcon_distutils_commands:/home/manu/final_nav_ws/src/install/final_nav/lib/python3.10/site-packages:${PYTHONPATH} /usr/bin/python3 -W ignore:setup.py install is deprecated -W ignore:easy_install command is deprecated setup.py egg_info --egg-base ../build/final_nav build --build-base /home/manu/final_nav_ws/src/build/final_nav/build install --record /home/manu/final_nav_ws/src/build/final_nav/install.log --single-version-externally-managed install_data
[0.581s] running egg_info
[0.581s] creating ../build/final_nav/final_nav.egg-info
[0.581s] writing ../build/final_nav/final_nav.egg-info/PKG-INFO
[0.582s] writing dependency_links to ../build/final_nav/final_nav.egg-info/dependency_links.txt
[0.582s] writing entry points to ../build/final_nav/final_nav.egg-info/entry_points.txt
[0.582s] writing requirements to ../build/final_nav/final_nav.egg-info/requires.txt
[0.582s] writing top-level names to ../build/final_nav/final_nav.egg-info/top_level.txt
[0.582s] writing manifest file '../build/final_nav/final_nav.egg-info/SOURCES.txt'
[0.583s] reading manifest file '../build/final_nav/final_nav.egg-info/SOURCES.txt'
[0.583s] writing manifest file '../build/final_nav/final_nav.egg-info/SOURCES.txt'
[0.583s] running build
[0.583s] running build_py
[0.583s] creating /home/manu/final_nav_ws/src/build/final_nav/build
[0.583s] creating /home/manu/final_nav_ws/src/build/final_nav/build/lib
[0.583s] creating /home/manu/final_nav_ws/src/build/final_nav/build/lib/final_nav
[0.583s] copying final_nav/__init__.py -> /home/manu/final_nav_ws/src/build/final_nav/build/lib/final_nav
[0.583s] copying final_nav/frontier_nav.py -> /home/manu/final_nav_ws/src/build/final_nav/build/lib/final_nav
[0.584s] running install
[0.584s] running install_lib
[0.584s] creating /home/manu/final_nav_ws/src/install/final_nav/lib/python3.10/site-packages/final_nav
[0.584s] copying /home/manu/final_nav_ws/src/build/final_nav/build/lib/final_nav/__init__.py -> /home/manu/final_nav_ws/src/install/final_nav/lib/python3.10/site-packages/final_nav
[0.584s] copying /home/manu/final_nav_ws/src/build/final_nav/build/lib/final_nav/frontier_nav.py -> /home/manu/final_nav_ws/src/install/final_nav/lib/python3.10/site-packages/final_nav
[0.584s] byte-compiling /home/manu/final_nav_ws/src/install/final_nav/lib/python3.10/site-packages/final_nav/__init__.py to __init__.cpython-310.pyc
[0.584s] byte-compiling /home/manu/final_nav_ws/src/install/final_nav/lib/python3.10/site-packages/final_nav/frontier_nav.py to frontier_nav.cpython-310.pyc
[0.585s] running install_data
[0.585s] creating /home/manu/final_nav_ws/src/install/final_nav/share/ament_index
[0.585s] creating /home/manu/final_nav_ws/src/install/final_nav/share/ament_index/resource_index
[0.585s] creating /home/manu/final_nav_ws/src/install/final_nav/share/ament_index/resource_index/packages
[0.585s] copying resource/final_nav -> /home/manu/final_nav_ws/src/install/final_nav/share/ament_index/resource_index/packages
[0.586s] copying package.xml -> /home/manu/final_nav_ws/src/install/final_nav/share/final_nav
[0.586s] running install_egg_info
[0.586s] Copying ../build/final_nav/final_nav.egg-info to /home/manu/final_nav_ws/src/install/final_nav/lib/python3.10/site-packages/final_nav-0.0.0-py3.10.egg-info
[0.587s] running install_scripts
[0.598s] writing list of installed files to '/home/manu/final_nav_ws/src/build/final_nav/install.log'
[0.611s] Invoked command in '/home/manu/final_nav_ws/src/final_nav' returned '0': PYTHONPATH=/home/manu/final_nav_ws/src/build/final_nav/prefix_override:/usr/lib/python3/dist-packages/colcon_core/task/python/colcon_distutils_commands:/home/manu/final_nav_ws/src/install/final_nav/lib/python3.10/site-packages:${PYTHONPATH} /usr/bin/python3 -W ignore:setup.py install is deprecated -W ignore:easy_install command is deprecated setup.py egg_info --egg-base ../build/final_nav build --build-base /home/manu/final_nav_ws/src/build/final_nav/build install --record /home/manu/final_nav_ws/src/build/final_nav/install.log --single-version-externally-managed install_data
