[0.470s] Invoking command in '/home/manu/final_nav_ws/src/final_nav': PYTHONPATH=/home/manu/final_nav_ws/build/final_nav/prefix_override:/usr/lib/python3/dist-packages/colcon_core/task/python/colcon_distutils_commands:/home/manu/final_nav_ws/install/final_nav/lib/python3.10/site-packages:${PYTHONPATH} /usr/bin/python3 -W ignore:setup.py install is deprecated -W ignore:easy_install command is deprecated setup.py egg_info --egg-base ../../build/final_nav build --build-base /home/manu/final_nav_ws/build/final_nav/build install --record /home/manu/final_nav_ws/build/final_nav/install.log --single-version-externally-managed install_data
[0.612s] running egg_info
[0.612s] writing ../../build/final_nav/final_nav.egg-info/PKG-INFO
[0.621s] writing dependency_links to ../../build/final_nav/final_nav.egg-info/dependency_links.txt
[0.621s] writing entry points to ../../build/final_nav/final_nav.egg-info/entry_points.txt
[0.622s] writing requirements to ../../build/final_nav/final_nav.egg-info/requires.txt
[0.622s] writing top-level names to ../../build/final_nav/final_nav.egg-info/top_level.txt
[0.622s] reading manifest file '../../build/final_nav/final_nav.egg-info/SOURCES.txt'
[0.623s] writing manifest file '../../build/final_nav/final_nav.egg-info/SOURCES.txt'
[0.623s] running build
[0.623s] running build_py
[0.623s] copying final_nav/frontier_nav.py -> /home/manu/final_nav_ws/build/final_nav/build/lib/final_nav
[0.624s] running install
[0.624s] running install_lib
[0.624s] copying /home/manu/final_nav_ws/build/final_nav/build/lib/final_nav/frontier_nav.py -> /home/manu/final_nav_ws/install/final_nav/lib/python3.10/site-packages/final_nav
[0.624s] byte-compiling /home/manu/final_nav_ws/install/final_nav/lib/python3.10/site-packages/final_nav/frontier_nav.py to frontier_nav.cpython-310.pyc
[0.626s] running install_data
[0.626s] running install_egg_info
[0.627s] removing '/home/manu/final_nav_ws/install/final_nav/lib/python3.10/site-packages/final_nav-0.0.0-py3.10.egg-info' (and everything under it)
[0.627s] Copying ../../build/final_nav/final_nav.egg-info to /home/manu/final_nav_ws/install/final_nav/lib/python3.10/site-packages/final_nav-0.0.0-py3.10.egg-info
[0.628s] running install_scripts
[0.651s] Installing navigator script to /home/manu/final_nav_ws/install/final_nav/lib/final_nav
[0.651s] writing list of installed files to '/home/manu/final_nav_ws/build/final_nav/install.log'
[0.668s] Invoked command in '/home/manu/final_nav_ws/src/final_nav' returned '0': PYTHONPATH=/home/manu/final_nav_ws/build/final_nav/prefix_override:/usr/lib/python3/dist-packages/colcon_core/task/python/colcon_distutils_commands:/home/manu/final_nav_ws/install/final_nav/lib/python3.10/site-packages:${PYTHONPATH} /usr/bin/python3 -W ignore:setup.py install is deprecated -W ignore:easy_install command is deprecated setup.py egg_info --egg-base ../../build/final_nav build --build-base /home/manu/final_nav_ws/build/final_nav/build install --record /home/manu/final_nav_ws/build/final_nav/install.log --single-version-externally-managed install_data
